build/outputs/logs/manifest-merger-debug-report.txt
-- Merging decision tree log ---
manifest
ADDED from src/main/AndroidManifest.xml:2:1-32:12
	package
		ADDED from src/main/AndroidManifest.xml:3:11-39
		INJECTED from src/main/AndroidManifest.xml
		INJECTED from src/main/AndroidManifest.xml
	android:versionName
		INJECTED from src/main/AndroidManifest.xml
		INJECTED from src/main/AndroidManifest.xml
	xmlns:android
		ADDED from src/main/AndroidManifest.xml:2:11-69
	android:versionCode
		INJECTED from src/main/AndroidManifest.xml
		INJECTED from src/main/AndroidManifest.xml
	android:installLocation
		ADDED from src/main/AndroidManifest.xml:4:11-41
application
ADDED from src/main/AndroidManifest.xml:6:3-30:17
MERGED from [com.android.support:appcompat-v7:21.0.3] AndroidManifest.xml:16:5-19
MERGED from [com.android.support:support-v4:21.0.3] AndroidManifest.xml:16:5-19
MERGED from [com.android.support:gridlayout-v7:18.0.0] AndroidManifest.xml:19:5-20
	android:label
		ADDED from src/main/AndroidManifest.xml:9:5-37
	android:allowBackup
		ADDED from src/main/AndroidManifest.xml:7:5-31
	android:icon
		ADDED from src/main/AndroidManifest.xml:8:5-36
	android:theme
		ADDED from src/main/AndroidManifest.xml:10:5-36
activity#felini.melhorpreco.MainActivity
ADDED from src/main/AndroidManifest.xml:11:5-20:16
	android:screenOrientation
		ADDED from src/main/AndroidManifest.xml:15:7-43
	android:label
		ADDED from src/main/AndroidManifest.xml:14:7-39
	android:icon
		ADDED from src/main/AndroidManifest.xml:13:7-44
	android:name
		ADDED from src/main/AndroidManifest.xml:12:7-35
intent-filter#android.intent.action.MAIN+android.intent.category.LAUNCHER
ADDED from src/main/AndroidManifest.xml:16:7-19:23
action#android.intent.action.MAIN
ADDED from src/main/AndroidManifest.xml:17:9-61
	android:name
		ADDED from src/main/AndroidManifest.xml:17:17-58
category#android.intent.category.LAUNCHER
ADDED from src/main/AndroidManifest.xml:18:9-69
	android:name
		ADDED from src/main/AndroidManifest.xml:18:19-66
activity#felini.melhorpreco.Sobre
ADDED from src/main/AndroidManifest.xml:21:5-29:16
	android:label
		ADDED from src/main/AndroidManifest.xml:24:7-51
	android:parentActivityName
		ADDED from src/main/AndroidManifest.xml:25:7-49
	android:icon
		ADDED from src/main/AndroidManifest.xml:23:7-44
	android:name
		ADDED from src/main/AndroidManifest.xml:22:7-28
meta-data#android.support.PARENT_ACTIVITY
ADDED from src/main/AndroidManifest.xml:26:7-28:59
	android:value
		ADDED from src/main/AndroidManifest.xml:28:9-56
	android:name
		ADDED from src/main/AndroidManifest.xml:27:9-55
uses-sdk
INJECTED from src/main/AndroidManifest.xml reason: use-sdk injection requested
MERGED from [com.android.support:appcompat-v7:21.0.3] AndroidManifest.xml:15:5-42
MERGED from [com.android.support:support-v4:21.0.3] AndroidManifest.xml:15:5-42
MERGED from [com.android.support:gridlayout-v7:18.0.0] AndroidManifest.xml:18:5-42
	android:targetSdkVersion
		INJECTED from src/main/AndroidManifest.xml
		INJECTED from src/main/AndroidManifest.xml
	android:minSdkVersion
		INJECTED from src/main/AndroidManifest.xml
		INJECTED from src/main/AndroidManifest.xml